<?xml version="1.0" encoding="UTF-8"?>
<testng-results ignored="0" total="1" passed="1" failed="0" skipped="0">
  <reporter-output>
  </reporter-output>
  <suite started-at="2023-10-03T11:01:49 IST" name="Default suite" finished-at="2023-10-03T11:02:32 IST" duration-ms="43616">
    <groups>
    </groups>
    <test started-at="2023-10-03T11:01:49 IST" name="Default test" finished-at="2023-10-03T11:02:32 IST" duration-ms="43616">
      <class name="com.saucedemo.testlayer.LoginTest">
        <test-method is-config="true" signature="setup()[pri:0, instance:com.saucedemo.testlayer.LoginTest@689604d9]" started-at="2023-10-03T11:01:49 IST" name="setup" finished-at="2023-10-03T11:02:27 IST" duration-ms="38518" status="PASS">
          <reporter-output>
          </reporter-output>
        </test-method> <!-- setup -->
        <test-method signature="validateLoginPage()[pri:0, instance:com.saucedemo.testlayer.LoginTest@689604d9]" started-at="2023-10-03T11:02:27 IST" name="validateLoginPage" finished-at="2023-10-03T11:02:29 IST" duration-ms="2127" status="PASS">
          <reporter-output>
          </reporter-output>
        </test-method> <!-- validateLoginPage -->
        <test-method is-config="true" signature="end()[pri:0, instance:com.saucedemo.testlayer.LoginTest@689604d9]" started-at="2023-10-03T11:02:29 IST" name="end" finished-at="2023-10-03T11:02:32 IST" duration-ms="2848" status="PASS">
          <reporter-output>
          </reporter-output>
        </test-method> <!-- end -->
      </class> <!-- com.saucedemo.testlayer.LoginTest -->
    </test> <!-- Default test -->
  </suite> <!-- Default suite -->
</testng-results>
